<?xml version="1.0" encoding="UTF-8"?>
<testng-results ignored="0" total="1" passed="1" failed="0" skipped="0">
  <reporter-output>
    <line>
      <![CDATA[Opened Chrome Browser]]>
    </line>
    <line>
      <![CDATA[Opened Flipkart Application]]>
    </line>
    <line>
      <![CDATA[Logged in Successfully]]>
    </line>
    <line>
      <![CDATA[Search result came up]]>
    </line>
    <line>
      <![CDATA[Clicked on Random product]]>
    </line>
    <line>
      <![CDATA[Switched to product window]]>
    </line>
    <line>
      <![CDATA[Name of the product matches between search screen and checkout screen!]]>
    </line>
    <line>
      <![CDATA[Price of the product matches between search screen and checkout screen!]]>
    </line>
    <line>
      <![CDATA[Captured the screenshot and saved under resources folder]]>
    </line>
    <line>
      <![CDATA[Loggged out from flipkart application]]>
    </line>
    <line>
      <![CDATA[Browser Closed]]>
    </line>
  </reporter-output>
  <suite started-at="2020-04-16T11:02:38Z" name="Default suite" finished-at="2020-04-16T11:03:10Z" duration-ms="31707">
    <groups>
    </groups>
    <test started-at="2020-04-16T11:02:38Z" name="Default test" finished-at="2020-04-16T11:03:10Z" duration-ms="31707">
      <class name="testScripts.DifferentBrowserTest">
        <test-method is-config="true" signature="openBrowser()[pri:0, instance:testScripts.DifferentBrowserTest@3ee0fea4]" started-at="2020-04-16T04:02:38Z" name="openBrowser" finished-at="2020-04-16T04:02:50Z" duration-ms="12466" status="PASS">
          <reporter-output>
            <line>
              <![CDATA[Opened Chrome Browser]]>
            </line>
            <line>
              <![CDATA[Opened Flipkart Application]]>
            </line>
          </reporter-output>
        </test-method> <!-- openBrowser -->
        <test-method signature="loginAndPurchaseCameraValidation(java.lang.String)[pri:0, instance:testScripts.DifferentBrowserTest@3ee0fea4]" started-at="2020-04-16T04:02:50Z" name="loginAndPurchaseCameraValidation" finished-at="2020-04-16T04:03:09Z" duration-ms="18246" status="PASS">
          <params>
            <param index="0">
              <value>
                <![CDATA[IE]]>
              </value>
            </param>
          </params>
          <reporter-output>
            <line>
              <![CDATA[Logged in Successfully]]>
            </line>
            <line>
              <![CDATA[Search result came up]]>
            </line>
            <line>
              <![CDATA[Clicked on Random product]]>
            </line>
            <line>
              <![CDATA[Switched to product window]]>
            </line>
            <line>
              <![CDATA[Name of the product matches between search screen and checkout screen!]]>
            </line>
            <line>
              <![CDATA[Price of the product matches between search screen and checkout screen!]]>
            </line>
            <line>
              <![CDATA[Captured the screenshot and saved under resources folder]]>
            </line>
            <line>
              <![CDATA[Loggged out from flipkart application]]>
            </line>
          </reporter-output>
        </test-method> <!-- loginAndPurchaseCameraValidation -->
        <test-method is-config="true" signature="closeBrowser()[pri:0, instance:testScripts.DifferentBrowserTest@3ee0fea4]" started-at="2020-04-16T04:03:09Z" name="closeBrowser" finished-at="2020-04-16T04:03:10Z" duration-ms="963" status="PASS">
          <reporter-output>
            <line>
              <![CDATA[Browser Closed]]>
            </line>
          </reporter-output>
        </test-method> <!-- closeBrowser -->
      </class> <!-- testScripts.DifferentBrowserTest -->
    </test> <!-- Default test -->
  </suite> <!-- Default suite -->
</testng-results>
