<?xml version="1.0" encoding="UTF-8"?>
<testng-results ignored="0" total="1" passed="1" failed="0" skipped="0">
  <reporter-output>
  </reporter-output>
  <suite started-at="2020-04-16T10:27:46Z" name="Default suite" finished-at="2020-04-16T10:28:13Z" duration-ms="26817">
    <groups>
    </groups>
    <test started-at="2020-04-16T10:27:46Z" name="Default test" finished-at="2020-04-16T10:28:13Z" duration-ms="26817">
      <class name="testScripts.DifferentBrowserTest">
        <test-method is-config="true" signature="openBrowser()[pri:0, instance:testScripts.DifferentBrowserTest@3ee0fea4]" started-at="2020-04-16T03:27:46Z" name="openBrowser" finished-at="2020-04-16T03:27:57Z" duration-ms="10437" status="PASS">
          <reporter-output>
          </reporter-output>
        </test-method> <!-- openBrowser -->
        <test-method signature="loginAndPurchaseCameraValidation(java.lang.String)[pri:0, instance:testScripts.DifferentBrowserTest@3ee0fea4]" started-at="2020-04-16T03:27:57Z" name="loginAndPurchaseCameraValidation" finished-at="2020-04-16T03:28:12Z" duration-ms="15116" status="PASS">
          <params>
            <param index="0">
              <value>
                <![CDATA[IE]]>
              </value>
            </param>
          </params>
          <reporter-output>
          </reporter-output>
        </test-method> <!-- loginAndPurchaseCameraValidation -->
        <test-method is-config="true" signature="closeBrowser()[pri:0, instance:testScripts.DifferentBrowserTest@3ee0fea4]" started-at="2020-04-16T03:28:12Z" name="closeBrowser" finished-at="2020-04-16T03:28:13Z" duration-ms="1231" status="PASS">
          <reporter-output>
          </reporter-output>
        </test-method> <!-- closeBrowser -->
      </class> <!-- testScripts.DifferentBrowserTest -->
    </test> <!-- Default test -->
  </suite> <!-- Default suite -->
</testng-results>
